<?xml version="1.0" encoding="UTF-8"?>
<testsuite name="com.bridgelaz.test.main" tests="4" skipped="0" failures="0" errors="0" timestamp="2021-08-03T03:44:59" hostname="SHRI" time="4.021">
  <properties/>
  <testcase name="get_table_data" classname="com.bridgelaz.test.main" time="0.484"/>
  <testcase name="insert_table_data" classname="com.bridgelaz.test.main" time="1.085"/>
  <testcase name="update_table_data" classname="com.bridgelaz.test.main" time="1.0"/>
  <testcase name="delete_row_from_table" classname="com.bridgelaz.test.main" time="1.437"/>
  <system-out><![CDATA[/********** Show the table**************/
1 Devadeva@gmail.com123
2 Vikashvik@gmail.com456
3 Devendradevendra@gmail.comdddd@123
103 LaptopLap@gmail.comlap113
104 LikeL@gmail.com12345
/********** Show the table**************/
1 Devadeva@gmail.com123
2 Vikashvik@gmail.com456
3 Devendradevendra@gmail.comdddd@123
103 LaptopLap@gmail.comlap113
104 LikeL@gmail.com12345
200 ramuramu23@gmail.comramu@589
/********** Show the table**************/
1 Devadeva@gmail.com123
2 Vikashvik@gmail.com456
3 Devendradevendra@gmail.comdddd@123
103 LaptopLap@gmail.comlap113
104 LikeL@gmail.com12345
200 Rameshramu23@gmail.comramu@589
/********** Show the table**************/
1 Devadeva@gmail.com123
2 Vikashvik@gmail.com456
3 Devendradevendra@gmail.comdddd@123
103 LaptopLap@gmail.comlap113
104 LikeL@gmail.com12345
]]></system-out>
  <system-err><![CDATA[]]></system-err>
</testsuite>
